[    66.220] 
X.Org X Server 1.21.1.3
X Protocol Version 11, Revision 0
[    66.223] Current Operating System: Linux ArchLinux 5.15.35-1-lts #1 SMP Wed, 20 Apr 2022 11:49:16 +0000 x86_64
[    66.223] Kernel command line: BOOT_IMAGE=/vmlinuz-linux-lts root=UUID=23f668a4-fe2d-4382-9f4d-f3594b317059 rw loglevel=3 quiet
[    66.224]  
[    66.225] Current version of pixman: 0.40.0
[    66.226] 	Before reporting problems, check http://wiki.x.org
	to make sure that you have the latest version.
[    66.226] Markers: (--) probed, (**) from config file, (==) default setting,
	(++) from command line, (!!) notice, (II) informational,
	(WW) warning, (EE) error, (NI) not implemented, (??) unknown.
[    66.229] (==) Log file: "/home/profiles/asura/.local/share/xorg/Xorg.0.log", Time: Sun Apr 24 12:04:48 2022
[    66.229] (==) Using system config directory "/usr/share/X11/xorg.conf.d"
[    66.229] (==) No Layout section.  Using the first Screen section.
[    66.229] (==) No screen section available. Using defaults.
[    66.229] (**) |-->Screen "Default Screen Section" (0)
[    66.229] (**) |   |-->Monitor "<default monitor>"
[    66.230] (==) No monitor specified for screen "Default Screen Section".
	Using a default monitor configuration.
[    66.230] (==) Automatically adding devices
[    66.230] (==) Automatically enabling devices
[    66.230] (==) Automatically adding GPU devices
[    66.230] (==) Automatically binding GPU devices
[    66.230] (==) Max clients allowed: 256, resource mask: 0x1fffff
[    66.230] (WW) The directory "/usr/share/fonts/OTF" does not exist.
[    66.230] 	Entry deleted from font path.
[    66.230] (WW) The directory "/usr/share/fonts/Type1" does not exist.
[    66.230] 	Entry deleted from font path.
[    66.230] (==) FontPath set to:
	/usr/share/fonts/misc,
	/usr/share/fonts/TTF,
	/usr/share/fonts/100dpi,
	/usr/share/fonts/75dpi
[    66.230] (==) ModulePath set to "/usr/lib/xorg/modules"
[    66.230] (II) The server relies on udev to provide the list of input devices.
	If no devices become available, reconfigure udev or disable AutoAddDevices.
[    66.230] (II) Module ABI versions:
[    66.230] 	X.Org ANSI C Emulation: 0.4
[    66.230] 	X.Org Video Driver: 25.2
[    66.230] 	X.Org XInput driver : 24.4
[    66.230] 	X.Org Server Extension : 10.0
[    66.230] (++) using VT number 1

[    66.231] (II) systemd-logind: took control of session /org/freedesktop/login1/session/_31
[    66.232] (II) xfree86: Adding drm device (/dev/dri/card0)
[    66.232] (II) Platform probe for /sys/devices/pci0000:00/0000:00:02.0/drm/card0
[    66.232] (II) systemd-logind: got fd for /dev/dri/card0 226:0 fd 11 paused 0
[    66.234] (--) PCI:*(0@0:2:0) 15ad:0405:15ad:0405 rev 0, Mem @ 0xe0000000/16777216, 0xf0000000/2097152, I/O @ 0x0000d010/16, BIOS @ 0x????????/131072
[    66.234] (WW) Open ACPI failed (/var/run/acpid.socket) (No such file or directory)
[    66.234] (II) LoadModule: "glx"
[    66.234] (II) Loading /usr/lib/xorg/modules/extensions/libglx.so
[    66.235] (II) Module glx: vendor="X.Org Foundation"
[    66.235] 	compiled for 1.21.1.3, module version = 1.0.0
[    66.235] 	ABI class: X.Org Server Extension, version 10.0
[    66.235] (==) Matched vmware as autoconfigured driver 0
[    66.235] (==) Matched modesetting as autoconfigured driver 1
[    66.235] (==) Matched fbdev as autoconfigured driver 2
[    66.235] (==) Matched vesa as autoconfigured driver 3
[    66.235] (==) Assigned the driver to the xf86ConfigLayout
[    66.235] (II) LoadModule: "vmware"
[    66.235] (WW) Warning, couldn't open module vmware
[    66.235] (EE) Failed to load module "vmware" (module does not exist, 0)
[    66.235] (II) LoadModule: "modesetting"
[    66.235] (II) Loading /usr/lib/xorg/modules/drivers/modesetting_drv.so
[    66.235] (II) Module modesetting: vendor="X.Org Foundation"
[    66.235] 	compiled for 1.21.1.3, module version = 1.21.1
[    66.235] 	Module class: X.Org Video Driver
[    66.235] 	ABI class: X.Org Video Driver, version 25.2
[    66.235] (II) LoadModule: "fbdev"
[    66.235] (WW) Warning, couldn't open module fbdev
[    66.235] (EE) Failed to load module "fbdev" (module does not exist, 0)
[    66.235] (II) LoadModule: "vesa"
[    66.235] (II) Loading /usr/lib/xorg/modules/drivers/vesa_drv.so
[    66.236] (II) Module vesa: vendor="X.Org Foundation"
[    66.236] 	compiled for 1.21.1.1, module version = 2.5.0
[    66.236] 	Module class: X.Org Video Driver
[    66.236] 	ABI class: X.Org Video Driver, version 25.2
[    66.236] (II) modesetting: Driver for Modesetting Kernel Drivers: kms
[    66.236] (II) VESA: driver for VESA chipsets: vesa
[    66.236] xf86EnableIO: failed to enable I/O ports 0000-03ff (Operation not permitted)
[    66.236] (II) modeset(0): using drv /dev/dri/card0
[    66.236] (WW) VGA arbiter: cannot open kernel arbiter, no multi-card support
[    66.236] (II) modeset(0): Creating default Display subsection in Screen section
	"Default Screen Section" for depth/fbbpp 24/32
[    66.236] (==) modeset(0): Depth 24, (==) framebuffer bpp 32
[    66.236] (==) modeset(0): RGB weight 888
[    66.236] (==) modeset(0): Default visual is TrueColor
[    66.236] (II) Loading sub module "glamoregl"
[    66.236] (II) LoadModule: "glamoregl"
[    66.236] (II) Loading /usr/lib/xorg/modules/libglamoregl.so
[    66.239] (II) Module glamoregl: vendor="X.Org Foundation"
[    66.239] 	compiled for 1.21.1.3, module version = 1.0.1
[    66.239] 	ABI class: X.Org ANSI C Emulation, version 0.4
[    66.269] (II) modeset(0): Refusing to try glamor on llvmpipe
[    66.269] (II) modeset(0): glamor initialization failed
[    66.269] (II) modeset(0): ShadowFB: preferred NO, enabled NO
[    66.270] (II) modeset(0): Output Virtual-1 has no monitor section
[    66.270] (II) modeset(0): Output Virtual-2 has no monitor section
[    66.270] (II) modeset(0): Output Virtual-3 has no monitor section
[    66.270] (II) modeset(0): Output Virtual-4 has no monitor section
[    66.270] (II) modeset(0): Output Virtual-5 has no monitor section
[    66.270] (II) modeset(0): Output Virtual-6 has no monitor section
[    66.270] (II) modeset(0): Output Virtual-7 has no monitor section
[    66.270] (II) modeset(0): Output Virtual-8 has no monitor section
[    66.270] (II) modeset(0): EDID for output Virtual-1
[    66.270] (II) modeset(0): Printing probed modes for output Virtual-1
[    66.270] (II) modeset(0): Modeline "800x600"x60.0   42.75  800 850 900 950  600 650 700 750 -hsync +vsync (45.0 kHz eP)
[    66.270] (II) modeset(0): Modeline "2560x1600"x60.0  348.50  2560 2752 3032 3504  1600 1603 1609 1658 -hsync +vsync (99.5 kHz e)
[    66.270] (II) modeset(0): Modeline "2560x1440"x60.0  241.50  2560 2608 2640 2720  1440 1443 1448 1481 +hsync -vsync (88.8 kHz e)
[    66.270] (II) modeset(0): Modeline "1920x1440"x60.0  234.00  1920 2048 2256 2600  1440 1441 1444 1500 -hsync +vsync (90.0 kHz e)
[    66.270] (II) modeset(0): Modeline "1856x1392"x60.0  218.25  1856 1952 2176 2528  1392 1393 1396 1439 -hsync +vsync (86.3 kHz e)
[    66.270] (II) modeset(0): Modeline "1792x1344"x60.0  204.75  1792 1920 2120 2448  1344 1345 1348 1394 -hsync +vsync (83.6 kHz e)
[    66.270] (II) modeset(0): Modeline "1920x1200"x59.9  193.25  1920 2056 2256 2592  1200 1203 1209 1245 -hsync +vsync (74.6 kHz e)
[    66.270] (II) modeset(0): Modeline "1920x1080"x60.0  173.00  1920 2048 2248 2576  1080 1083 1088 1120 -hsync +vsync (67.2 kHz e)
[    66.270] (II) modeset(0): Modeline "1600x1200"x60.0  162.00  1600 1664 1856 2160  1200 1201 1204 1250 +hsync +vsync (75.0 kHz e)
[    66.270] (II) modeset(0): Modeline "1680x1050"x60.0  146.25  1680 1784 1960 2240  1050 1053 1059 1089 -hsync +vsync (65.3 kHz e)
[    66.270] (II) modeset(0): Modeline "1400x1050"x60.0  121.75  1400 1488 1632 1864  1050 1053 1057 1089 -hsync +vsync (65.3 kHz e)
[    66.270] (II) modeset(0): Modeline "1280x1024"x60.0  108.00  1280 1328 1440 1688  1024 1025 1028 1066 +hsync +vsync (64.0 kHz e)
[    66.270] (II) modeset(0): Modeline "1440x900"x59.9  106.50  1440 1520 1672 1904  900 903 909 934 -hsync +vsync (55.9 kHz e)
[    66.270] (II) modeset(0): Modeline "1280x960"x60.0  108.00  1280 1376 1488 1800  960 961 964 1000 +hsync +vsync (60.0 kHz e)
[    66.270] (II) modeset(0): Modeline "1360x768"x60.0   85.50  1360 1424 1536 1792  768 771 777 795 +hsync +vsync (47.7 kHz e)
[    66.270] (II) modeset(0): Modeline "1280x800"x59.8   83.50  1280 1352 1480 1680  800 803 809 831 +hsync -vsync (49.7 kHz e)
[    66.270] (II) modeset(0): Modeline "1152x864"x75.0  108.00  1152 1216 1344 1600  864 865 868 900 +hsync +vsync (67.5 kHz e)
[    66.270] (II) modeset(0): Modeline "1280x768"x59.9   79.50  1280 1344 1472 1664  768 771 778 798 -hsync +vsync (47.8 kHz e)
[    66.270] (II) modeset(0): Modeline "1280x720"x59.9   74.50  1280 1344 1472 1664  720 723 728 748 -hsync +vsync (44.8 kHz e)
[    66.270] (II) modeset(0): Modeline "1024x768"x60.0   65.00  1024 1048 1184 1344  768 771 777 806 -hsync -vsync (48.4 kHz e)
[    66.270] (II) modeset(0): Modeline "800x600"x60.3   40.00  800 840 968 1056  600 601 605 628 +hsync +vsync (37.9 kHz e)
[    66.270] (II) modeset(0): Modeline "640x480"x59.9   25.18  640 656 752 800  480 489 492 525 -hsync -vsync (31.5 kHz e)
[    66.270] (II) modeset(0): EDID for output Virtual-2
[    66.270] (II) modeset(0): EDID for output Virtual-3
[    66.270] (II) modeset(0): EDID for output Virtual-4
[    66.270] (II) modeset(0): EDID for output Virtual-5
[    66.270] (II) modeset(0): EDID for output Virtual-6
[    66.270] (II) modeset(0): EDID for output Virtual-7
[    66.270] (II) modeset(0): EDID for output Virtual-8
[    66.270] (II) modeset(0): Output Virtual-1 connected
[    66.270] (II) modeset(0): Output Virtual-2 disconnected
[    66.270] (II) modeset(0): Output Virtual-3 disconnected
[    66.270] (II) modeset(0): Output Virtual-4 disconnected
[    66.270] (II) modeset(0): Output Virtual-5 disconnected
[    66.270] (II) modeset(0): Output Virtual-6 disconnected
[    66.270] (II) modeset(0): Output Virtual-7 disconnected
[    66.270] (II) modeset(0): Output Virtual-8 disconnected
[    66.270] (II) modeset(0): Using exact sizes for initial modes
[    66.270] (II) modeset(0): Output Virtual-1 using initial mode 800x600 +0+0
[    66.270] (==) modeset(0): Using gamma correction (1.0, 1.0, 1.0)
[    66.270] (==) modeset(0): DPI set to (96, 96)
[    66.270] (II) Loading sub module "fb"
[    66.270] (II) LoadModule: "fb"
[    66.270] (II) Module "fb" already built-in
[    66.270] (II) UnloadModule: "vesa"
[    66.270] (II) Unloading vesa
[    66.270] (==) modeset(0): Backing store enabled
[    66.270] (==) modeset(0): Silken mouse enabled
[    66.271] (II) modeset(0): Initializing kms color map for depth 24, 8 bpc.
[    66.271] (==) modeset(0): DPMS enabled
[    66.271] (II) Initializing extension Generic Event Extension
[    66.271] (II) Initializing extension SHAPE
[    66.271] (II) Initializing extension MIT-SHM
[    66.271] (II) Initializing extension XInputExtension
[    66.271] (II) Initializing extension XTEST
[    66.271] (II) Initializing extension BIG-REQUESTS
[    66.271] (II) Initializing extension SYNC
[    66.271] (II) Initializing extension XKEYBOARD
[    66.271] (II) Initializing extension XC-MISC
[    66.271] (II) Initializing extension SECURITY
[    66.271] (II) Initializing extension XFIXES
[    66.271] (II) Initializing extension RENDER
[    66.271] (II) Initializing extension RANDR
[    66.272] (II) Initializing extension COMPOSITE
[    66.272] (II) Initializing extension DAMAGE
[    66.272] (II) Initializing extension MIT-SCREEN-SAVER
[    66.272] (II) Initializing extension DOUBLE-BUFFER
[    66.272] (II) Initializing extension RECORD
[    66.272] (II) Initializing extension DPMS
[    66.272] (II) Initializing extension Present
[    66.272] (II) Initializing extension DRI3
[    66.272] (II) Initializing extension X-Resource
[    66.272] (II) Initializing extension XVideo
[    66.272] (II) Initializing extension XVideo-MotionCompensation
[    66.272] (II) Initializing extension GLX
[    66.272] (II) AIGLX: Screen 0 is not DRI2 capable
[    66.275] (II) IGLX: Loaded and initialized swrast
[    66.275] (II) GLX: Initialized DRISWRAST GL provider for screen 0
[    66.275] (II) Initializing extension XFree86-VidModeExtension
[    66.275] (II) Initializing extension XFree86-DGA
[    66.275] (II) Initializing extension XFree86-DRI
[    66.275] (II) Initializing extension DRI2
[    66.275] (II) modeset(0): Damage tracking initialized
[    66.275] (II) modeset(0): Setting screen physical size to 211 x 158
[    66.326] (II) config/udev: Adding input device Power Button (/dev/input/event0)
[    66.326] (**) Power Button: Applying InputClass "libinput keyboard catchall"
[    66.326] (II) LoadModule: "libinput"
[    66.326] (II) Loading /usr/lib/xorg/modules/input/libinput_drv.so
[    66.327] (II) Module libinput: vendor="X.Org Foundation"
[    66.327] 	compiled for 1.21.1.3, module version = 1.2.1
[    66.327] 	Module class: X.Org XInput Driver
[    66.327] 	ABI class: X.Org XInput driver, version 24.4
[    66.327] (II) Using input driver 'libinput' for 'Power Button'
[    66.328] (II) systemd-logind: got fd for /dev/input/event0 13:64 fd 19 paused 0
[    66.328] (**) Power Button: always reports core events
[    66.328] (**) Option "Device" "/dev/input/event0"
[    66.330] (II) event0  - Power Button: is tagged by udev as: Keyboard
[    66.330] (II) event0  - Power Button: device is a keyboard
[    66.330] (II) event0  - Power Button: device removed
[    66.330] (**) Option "config_info" "udev:/sys/devices/LNXSYSTM:00/LNXPWRBN:00/input/input0/event0"
[    66.330] (II) XINPUT: Adding extended input device "Power Button" (type: KEYBOARD, id 6)
[    66.330] (II) event0  - Power Button: is tagged by udev as: Keyboard
[    66.330] (II) event0  - Power Button: device is a keyboard
[    66.330] (II) config/udev: Adding input device Sleep Button (/dev/input/event1)
[    66.331] (**) Sleep Button: Applying InputClass "libinput keyboard catchall"
[    66.331] (II) Using input driver 'libinput' for 'Sleep Button'
[    66.331] (II) systemd-logind: got fd for /dev/input/event1 13:65 fd 22 paused 0
[    66.331] (**) Sleep Button: always reports core events
[    66.331] (**) Option "Device" "/dev/input/event1"
[    66.331] (II) event1  - Sleep Button: is tagged by udev as: Keyboard
[    66.331] (II) event1  - Sleep Button: device is a keyboard
[    66.332] (II) event1  - Sleep Button: device removed
[    66.332] (**) Option "config_info" "udev:/sys/devices/LNXSYSTM:00/LNXSLPBN:00/input/input1/event1"
[    66.332] (II) XINPUT: Adding extended input device "Sleep Button" (type: KEYBOARD, id 7)
[    66.333] (II) event1  - Sleep Button: is tagged by udev as: Keyboard
[    66.333] (II) event1  - Sleep Button: device is a keyboard
[    66.333] (II) config/udev: Adding input device Video Bus (/dev/input/event4)
[    66.333] (**) Video Bus: Applying InputClass "libinput keyboard catchall"
[    66.333] (II) Using input driver 'libinput' for 'Video Bus'
[    66.333] (II) systemd-logind: got fd for /dev/input/event4 13:68 fd 23 paused 0
[    66.333] (**) Video Bus: always reports core events
[    66.333] (**) Option "Device" "/dev/input/event4"
[    66.334] (II) event4  - Video Bus: is tagged by udev as: Keyboard
[    66.334] (II) event4  - Video Bus: device is a keyboard
[    66.334] (II) event4  - Video Bus: device removed
[    66.334] (**) Option "config_info" "udev:/sys/devices/LNXSYSTM:00/LNXSYBUS:00/PNP0A03:00/LNXVIDEO:00/input/input5/event4"
[    66.334] (II) XINPUT: Adding extended input device "Video Bus" (type: KEYBOARD, id 8)
[    66.334] (II) event4  - Video Bus: is tagged by udev as: Keyboard
[    66.334] (II) event4  - Video Bus: device is a keyboard
[    66.335] (II) config/udev: Adding input device VirtualBox mouse integration (/dev/input/event5)
[    66.335] (**) VirtualBox mouse integration: Applying InputClass "libinput pointer catchall"
[    66.335] (II) Using input driver 'libinput' for 'VirtualBox mouse integration'
[    66.335] (II) systemd-logind: got fd for /dev/input/event5 13:69 fd 24 paused 0
[    66.335] (**) VirtualBox mouse integration: always reports core events
[    66.335] (**) Option "Device" "/dev/input/event5"
[    66.336] (II) event5  - VirtualBox mouse integration: is tagged by udev as: Mouse
[    66.336] (II) event5  - VirtualBox mouse integration: device is a pointer
[    66.336] (II) event5  - VirtualBox mouse integration: device removed
[    66.336] (**) Option "config_info" "udev:/sys/devices/pci0000:00/0000:00:04.0/input/input6/event5"
[    66.336] (II) XINPUT: Adding extended input device "VirtualBox mouse integration" (type: MOUSE, id 9)
[    66.336] (**) Option "AccelerationScheme" "none"
[    66.336] (**) VirtualBox mouse integration: (accel) selected scheme none/0
[    66.336] (**) VirtualBox mouse integration: (accel) acceleration factor: 2.000
[    66.336] (**) VirtualBox mouse integration: (accel) acceleration threshold: 4
[    66.336] (II) event5  - VirtualBox mouse integration: is tagged by udev as: Mouse
[    66.337] (II) event5  - VirtualBox mouse integration: device is a pointer
[    66.337] (II) config/udev: Adding input device VirtualBox mouse integration (/dev/input/js1)
[    66.337] (II) No input driver specified, ignoring this device.
[    66.337] (II) This device may have been added with another device file.
[    66.337] (II) config/udev: Adding input device VirtualBox mouse integration (/dev/input/mouse1)
[    66.337] (II) No input driver specified, ignoring this device.
[    66.337] (II) This device may have been added with another device file.
[    66.338] (II) config/udev: Adding input device VirtualBox USB Tablet (/dev/input/event2)
[    66.338] (**) VirtualBox USB Tablet: Applying InputClass "libinput pointer catchall"
[    66.338] (II) Using input driver 'libinput' for 'VirtualBox USB Tablet'
[    66.403] (II) systemd-logind: got fd for /dev/input/event2 13:66 fd 25 paused 0
[    66.403] (**) VirtualBox USB Tablet: always reports core events
[    66.403] (**) Option "Device" "/dev/input/event2"
[    66.406] (II) event2  - VirtualBox USB Tablet: is tagged by udev as: Mouse
[    66.407] (II) event2  - VirtualBox USB Tablet: device is a pointer
[    66.407] (II) event2  - VirtualBox USB Tablet: device removed
[    66.407] (**) Option "config_info" "udev:/sys/devices/pci0000:00/0000:00:06.0/usb1/1-1/1-1:1.0/0003:80EE:0021.0001/input/input2/event2"
[    66.407] (II) XINPUT: Adding extended input device "VirtualBox USB Tablet" (type: MOUSE, id 10)
[    66.407] (**) Option "AccelerationScheme" "none"
[    66.407] (**) VirtualBox USB Tablet: (accel) selected scheme none/0
[    66.407] (**) VirtualBox USB Tablet: (accel) acceleration factor: 2.000
[    66.407] (**) VirtualBox USB Tablet: (accel) acceleration threshold: 4
[    66.410] (II) event2  - VirtualBox USB Tablet: is tagged by udev as: Mouse
[    66.411] (II) event2  - VirtualBox USB Tablet: device is a pointer
[    66.412] (II) config/udev: Adding input device VirtualBox USB Tablet (/dev/input/js0)
[    66.413] (II) No input driver specified, ignoring this device.
[    66.413] (II) This device may have been added with another device file.
[    66.414] (II) config/udev: Adding input device VirtualBox USB Tablet (/dev/input/mouse0)
[    66.414] (II) No input driver specified, ignoring this device.
[    66.414] (II) This device may have been added with another device file.
[    66.415] (II) config/udev: Adding input device AT Translated Set 2 keyboard (/dev/input/event3)
[    66.415] (**) AT Translated Set 2 keyboard: Applying InputClass "libinput keyboard catchall"
[    66.415] (II) Using input driver 'libinput' for 'AT Translated Set 2 keyboard'
[    66.416] (II) systemd-logind: got fd for /dev/input/event3 13:67 fd 26 paused 0
[    66.416] (**) AT Translated Set 2 keyboard: always reports core events
[    66.416] (**) Option "Device" "/dev/input/event3"
[    66.418] (II) event3  - AT Translated Set 2 keyboard: is tagged by udev as: Keyboard
[    66.418] (II) event3  - AT Translated Set 2 keyboard: device is a keyboard
[    66.420] (II) event3  - AT Translated Set 2 keyboard: device removed
[    66.420] (**) Option "config_info" "udev:/sys/devices/platform/i8042/serio0/input/input3/event3"
[    66.420] (II) XINPUT: Adding extended input device "AT Translated Set 2 keyboard" (type: KEYBOARD, id 11)
[    66.422] (II) event3  - AT Translated Set 2 keyboard: is tagged by udev as: Keyboard
[    66.422] (II) event3  - AT Translated Set 2 keyboard: device is a keyboard
[    66.424] (II) config/udev: Adding input device ImExPS/2 Generic Explorer Mouse (/dev/input/event7)
[    66.424] (**) ImExPS/2 Generic Explorer Mouse: Applying InputClass "libinput pointer catchall"
[    66.424] (II) Using input driver 'libinput' for 'ImExPS/2 Generic Explorer Mouse'
[    66.426] (II) systemd-logind: got fd for /dev/input/event7 13:71 fd 27 paused 0
[    66.426] (**) ImExPS/2 Generic Explorer Mouse: always reports core events
[    66.426] (**) Option "Device" "/dev/input/event7"
[    66.427] (II) event7  - ImExPS/2 Generic Explorer Mouse: is tagged by udev as: Mouse
[    66.428] (II) event7  - ImExPS/2 Generic Explorer Mouse: device is a pointer
[    66.428] (II) event7  - ImExPS/2 Generic Explorer Mouse: device removed
[    66.428] (**) Option "config_info" "udev:/sys/devices/platform/i8042/serio1/input/input8/event7"
[    66.428] (II) XINPUT: Adding extended input device "ImExPS/2 Generic Explorer Mouse" (type: MOUSE, id 12)
[    66.429] (**) Option "AccelerationScheme" "none"
[    66.429] (**) ImExPS/2 Generic Explorer Mouse: (accel) selected scheme none/0
[    66.429] (**) ImExPS/2 Generic Explorer Mouse: (accel) acceleration factor: 2.000
[    66.429] (**) ImExPS/2 Generic Explorer Mouse: (accel) acceleration threshold: 4
[    66.430] (II) event7  - ImExPS/2 Generic Explorer Mouse: is tagged by udev as: Mouse
[    66.431] (II) event7  - ImExPS/2 Generic Explorer Mouse: device is a pointer
[    66.433] (II) config/udev: Adding input device ImExPS/2 Generic Explorer Mouse (/dev/input/mouse2)
[    66.433] (II) No input driver specified, ignoring this device.
[    66.433] (II) This device may have been added with another device file.
[    66.434] (II) config/udev: Adding input device PC Speaker (/dev/input/event6)
[    66.434] (II) No input driver specified, ignoring this device.
[    66.434] (II) This device may have been added with another device file.
[    66.452] (II) modeset(0): Allocate new frame buffer 1920x1080 stride
[   862.972] (EE) event5  - VirtualBox mouse integration: client bug: event processing lagging behind by 26ms, your system is too slow
[   935.579] (EE) event5  - VirtualBox mouse integration: client bug: event processing lagging behind by 24ms, your system is too slow
