[   123.378] 
X.Org X Server 1.21.1.3
X Protocol Version 11, Revision 0
[   123.378] Current Operating System: Linux ArchLinux 5.15.34-1-lts #1 SMP Thu, 14 Apr 2022 05:08:35 +0000 x86_64
[   123.378] Kernel command line: BOOT_IMAGE=/vmlinuz-linux-lts root=UUID=23f668a4-fe2d-4382-9f4d-f3594b317059 rw loglevel=3 quiet
[   123.378]  
[   123.378] Current version of pixman: 0.40.0
[   123.378] 	Before reporting problems, check http://wiki.x.org
	to make sure that you have the latest version.
[   123.378] Markers: (--) probed, (**) from config file, (==) default setting,
	(++) from command line, (!!) notice, (II) informational,
	(WW) warning, (EE) error, (NI) not implemented, (??) unknown.
[   123.379] (==) Log file: "/home/profiles/asura/.local/share/xorg/Xorg.1.log", Time: Thu Apr 21 20:40:28 2022
[   123.379] (==) Using system config directory "/usr/share/X11/xorg.conf.d"
[   123.379] (==) No Layout section.  Using the first Screen section.
[   123.379] (==) No screen section available. Using defaults.
[   123.379] (**) |-->Screen "Default Screen Section" (0)
[   123.379] (**) |   |-->Monitor "<default monitor>"
[   123.379] (==) No monitor specified for screen "Default Screen Section".
	Using a default monitor configuration.
[   123.379] (==) Automatically adding devices
[   123.379] (==) Automatically enabling devices
[   123.379] (==) Automatically adding GPU devices
[   123.379] (==) Automatically binding GPU devices
[   123.379] (==) Max clients allowed: 256, resource mask: 0x1fffff
[   123.379] (WW) The directory "/usr/share/fonts/OTF" does not exist.
[   123.379] 	Entry deleted from font path.
[   123.379] (WW) The directory "/usr/share/fonts/Type1" does not exist.
[   123.379] 	Entry deleted from font path.
[   123.379] (==) FontPath set to:
	/usr/share/fonts/misc,
	/usr/share/fonts/TTF,
	/usr/share/fonts/100dpi,
	/usr/share/fonts/75dpi
[   123.379] (==) ModulePath set to "/usr/lib/xorg/modules"
[   123.379] (II) The server relies on udev to provide the list of input devices.
	If no devices become available, reconfigure udev or disable AutoAddDevices.
[   123.379] (II) Module ABI versions:
[   123.379] 	X.Org ANSI C Emulation: 0.4
[   123.379] 	X.Org Video Driver: 25.2
[   123.379] 	X.Org XInput driver : 24.4
[   123.379] 	X.Org Server Extension : 10.0
[   123.403] (++) using VT number 1

[   123.410] (EE) systemd-logind: TakeControl failed: Device or resource busy
[   123.414] (II) xfree86: Adding drm device (/dev/dri/card0)
[   123.416] (II) Platform probe for /sys/devices/pci0000:00/0000:00:02.0/drm/card0
[   123.462] (--) PCI:*(0@0:2:0) 15ad:0405:15ad:0405 rev 0, Mem @ 0xe0000000/16777216, 0xf0000000/2097152, I/O @ 0x0000d010/16, BIOS @ 0x????????/131072
[   123.463] (WW) Open ACPI failed (/var/run/acpid.socket) (No such file or directory)
[   123.463] (II) LoadModule: "glx"
[   123.463] (II) Loading /usr/lib/xorg/modules/extensions/libglx.so
[   123.492] (II) Module glx: vendor="X.Org Foundation"
[   123.492] 	compiled for 1.21.1.3, module version = 1.0.0
[   123.492] 	ABI class: X.Org Server Extension, version 10.0
[   123.492] (==) Matched vmware as autoconfigured driver 0
[   123.492] (==) Matched modesetting as autoconfigured driver 1
[   123.492] (==) Matched fbdev as autoconfigured driver 2
[   123.492] (==) Matched vesa as autoconfigured driver 3
[   123.492] (==) Assigned the driver to the xf86ConfigLayout
[   123.492] (II) LoadModule: "vmware"
[   123.492] (WW) Warning, couldn't open module vmware
[   123.492] (EE) Failed to load module "vmware" (module does not exist, 0)
[   123.492] (II) LoadModule: "modesetting"
[   123.492] (II) Loading /usr/lib/xorg/modules/drivers/modesetting_drv.so
[   123.496] (II) Module modesetting: vendor="X.Org Foundation"
[   123.496] 	compiled for 1.21.1.3, module version = 1.21.1
[   123.496] 	Module class: X.Org Video Driver
[   123.496] 	ABI class: X.Org Video Driver, version 25.2
[   123.496] (II) LoadModule: "fbdev"
[   123.497] (WW) Warning, couldn't open module fbdev
[   123.497] (EE) Failed to load module "fbdev" (module does not exist, 0)
[   123.497] (II) LoadModule: "vesa"
[   123.497] (II) Loading /usr/lib/xorg/modules/drivers/vesa_drv.so
[   123.497] (II) Module vesa: vendor="X.Org Foundation"
[   123.497] 	compiled for 1.21.1.1, module version = 2.5.0
[   123.497] 	Module class: X.Org Video Driver
[   123.497] 	ABI class: X.Org Video Driver, version 25.2
[   123.497] (II) modesetting: Driver for Modesetting Kernel Drivers: kms
[   123.497] (II) VESA: driver for VESA chipsets: vesa
[   123.512] xf86EnableIO: failed to enable I/O ports 0000-03ff (Operation not permitted)
[   123.513] (II) modeset(0): using drv /dev/dri/card0
[   123.513] (WW) VGA arbiter: cannot open kernel arbiter, no multi-card support
[   123.513] (II) modeset(0): Creating default Display subsection in Screen section
	"Default Screen Section" for depth/fbbpp 24/32
[   123.513] (==) modeset(0): Depth 24, (==) framebuffer bpp 32
[   123.513] (==) modeset(0): RGB weight 888
[   123.513] (==) modeset(0): Default visual is TrueColor
[   123.513] (II) Loading sub module "glamoregl"
[   123.513] (II) LoadModule: "glamoregl"
[   123.513] (II) Loading /usr/lib/xorg/modules/libglamoregl.so
[   123.545] (II) Module glamoregl: vendor="X.Org Foundation"
[   123.545] 	compiled for 1.21.1.3, module version = 1.0.1
[   123.545] 	ABI class: X.Org ANSI C Emulation, version 0.4
[   123.844] (II) modeset(0): Refusing to try glamor on llvmpipe
[   123.844] (II) modeset(0): glamor initialization failed
[   123.844] (II) modeset(0): ShadowFB: preferred NO, enabled NO
[   123.844] (II) modeset(0): Output Virtual-1 has no monitor section
[   123.844] (II) modeset(0): Output Virtual-2 has no monitor section
[   123.844] (II) modeset(0): Output Virtual-3 has no monitor section
[   123.844] (II) modeset(0): Output Virtual-4 has no monitor section
[   123.844] (II) modeset(0): Output Virtual-5 has no monitor section
[   123.844] (II) modeset(0): Output Virtual-6 has no monitor section
[   123.844] (II) modeset(0): Output Virtual-7 has no monitor section
[   123.844] (II) modeset(0): Output Virtual-8 has no monitor section
[   123.844] (II) modeset(0): EDID for output Virtual-1
[   123.844] (II) modeset(0): Printing probed modes for output Virtual-1
[   123.844] (II) modeset(0): Modeline "800x600"x60.0   42.75  800 850 900 950  600 650 700 750 -hsync +vsync (45.0 kHz eP)
[   123.844] (II) modeset(0): Modeline "2560x1600"x60.0  348.50  2560 2752 3032 3504  1600 1603 1609 1658 -hsync +vsync (99.5 kHz e)
[   123.844] (II) modeset(0): Modeline "2560x1440"x60.0  241.50  2560 2608 2640 2720  1440 1443 1448 1481 +hsync -vsync (88.8 kHz e)
[   123.844] (II) modeset(0): Modeline "1920x1440"x60.0  234.00  1920 2048 2256 2600  1440 1441 1444 1500 -hsync +vsync (90.0 kHz e)
[   123.844] (II) modeset(0): Modeline "1856x1392"x60.0  218.25  1856 1952 2176 2528  1392 1393 1396 1439 -hsync +vsync (86.3 kHz e)
[   123.844] (II) modeset(0): Modeline "1792x1344"x60.0  204.75  1792 1920 2120 2448  1344 1345 1348 1394 -hsync +vsync (83.6 kHz e)
[   123.844] (II) modeset(0): Modeline "1920x1200"x59.9  193.25  1920 2056 2256 2592  1200 1203 1209 1245 -hsync +vsync (74.6 kHz e)
[   123.844] (II) modeset(0): Modeline "1920x1080"x60.0  173.00  1920 2048 2248 2576  1080 1083 1088 1120 -hsync +vsync (67.2 kHz e)
[   123.844] (II) modeset(0): Modeline "1600x1200"x60.0  162.00  1600 1664 1856 2160  1200 1201 1204 1250 +hsync +vsync (75.0 kHz e)
[   123.844] (II) modeset(0): Modeline "1680x1050"x60.0  146.25  1680 1784 1960 2240  1050 1053 1059 1089 -hsync +vsync (65.3 kHz e)
[   123.844] (II) modeset(0): Modeline "1400x1050"x60.0  121.75  1400 1488 1632 1864  1050 1053 1057 1089 -hsync +vsync (65.3 kHz e)
[   123.844] (II) modeset(0): Modeline "1280x1024"x60.0  108.00  1280 1328 1440 1688  1024 1025 1028 1066 +hsync +vsync (64.0 kHz e)
[   123.844] (II) modeset(0): Modeline "1440x900"x59.9  106.50  1440 1520 1672 1904  900 903 909 934 -hsync +vsync (55.9 kHz e)
[   123.844] (II) modeset(0): Modeline "1280x960"x60.0  108.00  1280 1376 1488 1800  960 961 964 1000 +hsync +vsync (60.0 kHz e)
[   123.844] (II) modeset(0): Modeline "1360x768"x60.0   85.50  1360 1424 1536 1792  768 771 777 795 +hsync +vsync (47.7 kHz e)
[   123.844] (II) modeset(0): Modeline "1280x800"x59.8   83.50  1280 1352 1480 1680  800 803 809 831 +hsync -vsync (49.7 kHz e)
[   123.844] (II) modeset(0): Modeline "1152x864"x75.0  108.00  1152 1216 1344 1600  864 865 868 900 +hsync +vsync (67.5 kHz e)
[   123.844] (II) modeset(0): Modeline "1280x768"x59.9   79.50  1280 1344 1472 1664  768 771 778 798 -hsync +vsync (47.8 kHz e)
[   123.844] (II) modeset(0): Modeline "1280x720"x59.9   74.50  1280 1344 1472 1664  720 723 728 748 -hsync +vsync (44.8 kHz e)
[   123.844] (II) modeset(0): Modeline "1024x768"x60.0   65.00  1024 1048 1184 1344  768 771 777 806 -hsync -vsync (48.4 kHz e)
[   123.844] (II) modeset(0): Modeline "800x600"x60.3   40.00  800 840 968 1056  600 601 605 628 +hsync +vsync (37.9 kHz e)
[   123.844] (II) modeset(0): Modeline "640x480"x59.9   25.18  640 656 752 800  480 489 492 525 -hsync -vsync (31.5 kHz e)
[   123.845] (II) modeset(0): EDID for output Virtual-2
[   123.845] (II) modeset(0): EDID for output Virtual-3
[   123.845] (II) modeset(0): EDID for output Virtual-4
[   123.845] (II) modeset(0): EDID for output Virtual-5
[   123.845] (II) modeset(0): EDID for output Virtual-6
[   123.845] (II) modeset(0): EDID for output Virtual-7
[   123.845] (II) modeset(0): EDID for output Virtual-8
[   123.845] (II) modeset(0): Output Virtual-1 connected
[   123.845] (II) modeset(0): Output Virtual-2 disconnected
[   123.845] (II) modeset(0): Output Virtual-3 disconnected
[   123.845] (II) modeset(0): Output Virtual-4 disconnected
[   123.845] (II) modeset(0): Output Virtual-5 disconnected
[   123.845] (II) modeset(0): Output Virtual-6 disconnected
[   123.845] (II) modeset(0): Output Virtual-7 disconnected
[   123.845] (II) modeset(0): Output Virtual-8 disconnected
[   123.845] (II) modeset(0): Using exact sizes for initial modes
[   123.845] (II) modeset(0): Output Virtual-1 using initial mode 800x600 +0+0
[   123.845] (==) modeset(0): Using gamma correction (1.0, 1.0, 1.0)
[   123.845] (==) modeset(0): DPI set to (96, 96)
[   123.845] (II) Loading sub module "fb"
[   123.845] (II) LoadModule: "fb"
[   123.845] (II) Module "fb" already built-in
[   123.845] (II) UnloadModule: "vesa"
[   123.845] (II) Unloading vesa
[   123.845] (EE) modeset(0): drmSetMaster failed: Permission denied
[   123.845] (EE) 
Fatal server error:
[   123.845] (EE) AddScreen/ScreenInit failed for driver 0
[   123.845] (EE) 
[   123.845] (EE) 
Please consult the The X.Org Foundation support 
	 at http://wiki.x.org
 for help. 
[   123.845] (EE) Please also check the log file at "/home/profiles/asura/.local/share/xorg/Xorg.1.log" for additional information.
[   123.845] (EE) 
[   124.141] (EE) Server terminated with error (1). Closing log file.
